build/app/intermediates/manifest_merge_blame_file/debug/manifest-merger-blame-debug-report.txt
1<?xml version="1.0" encoding="utf-8"?>
2<manifest xmlns:android="http://schemas.android.com/apk/res/android"
3    package="com.example.pharmaco"
4    android:versionCode="1"
5    android:versionName="1.0.0" >
6
7    <uses-sdk
8        android:minSdkVersion="19"
9        android:targetSdkVersion="33" />
10    <!--
11         The INTERNET permission is required for development. Specifically,
12         the Flutter tool needs it to communicate with the running application
13         to allow setting breakpoints, to provide hot reload, etc.
14    -->
15    <uses-permission android:name="android.permission.INTERNET" />
15-->src\debug\AndroidManifest.xml:6:5-66
15-->src\debug\AndroidManifest.xml:6:22-64
16    <uses-permission android:name="android.permission.RECEIVE_BOOT_COMPLETED" />
16-->src\main\AndroidManifest.xml:2:1-76
16-->src\main\AndroidManifest.xml:2:18-74
17    <uses-permission android:name="android.permission.SCHEDULE_EXACT_ALARM" />
17-->src\main\AndroidManifest.xml:3:1-75
17-->src\main\AndroidManifest.xml:3:18-72
18    <uses-permission android:name="android.permission.USE_EXACT_ALARM" />
18-->src\main\AndroidManifest.xml:4:1-70
18-->src\main\AndroidManifest.xml:4:18-67
19    <uses-permission android:name="android.permission.VIBRATE" />
19-->[:flutter_local_notifications] AndroidManifest.xml:9:5-66
19-->[:flutter_local_notifications] AndroidManifest.xml:9:22-63
20    <uses-permission android:name="android.permission.POST_NOTIFICATIONS" />
20-->[:flutter_local_notifications] AndroidManifest.xml:10:5-77
20-->[:flutter_local_notifications] AndroidManifest.xml:10:22-74
21    <uses-permission android:name="android.permission.ACCESS_NETWORK_STATE" />
21-->[com.google.firebase:firebase-auth:22.3.1] AndroidManifest.xml:26:5-79
21-->[com.google.firebase:firebase-auth:22.3.1] AndroidManifest.xml:26:22-76
22    <uses-permission android:name="android.permission.WAKE_LOCK" />
22-->[com.google.android.gms:play-services-measurement-api:21.5.0] AndroidManifest.xml:24:5-68
22-->[com.google.android.gms:play-services-measurement-api:21.5.0] AndroidManifest.xml:24:22-65
23    <uses-permission android:name="com.google.android.gms.permission.AD_ID" />
23-->[com.google.android.gms:play-services-measurement-api:21.5.0] AndroidManifest.xml:25:5-79
23-->[com.google.android.gms:play-services-measurement-api:21.5.0] AndroidManifest.xml:25:22-76
24    <uses-permission android:name="android.permission.ACCESS_ADSERVICES_ATTRIBUTION" />
24-->[com.google.android.gms:play-services-measurement-api:21.5.0] AndroidManifest.xml:26:5-88
24-->[com.google.android.gms:play-services-measurement-api:21.5.0] AndroidManifest.xml:26:22-85
25    <uses-permission android:name="android.permission.ACCESS_ADSERVICES_AD_ID" /> <!-- Required by older versions of Google Play services to create IID tokens -->
25-->[com.google.android.gms:play-services-measurement-api:21.5.0] AndroidManifest.xml:27:5-82
25-->[com.google.android.gms:play-services-measurement-api:21.5.0] AndroidManifest.xml:27:22-79
26    <uses-permission android:name="com.google.android.c2dm.permission.RECEIVE" />
26-->[com.google.firebase:firebase-iid:21.1.0] AndroidManifest.xml:26:5-82
26-->[com.google.firebase:firebase-iid:21.1.0] AndroidManifest.xml:26:22-79
27
28    <uses-feature
28-->[com.google.android.gms:play-services-maps:18.0.0] AndroidManifest.xml:26:5-28:35
29        android:glEsVersion="0x00020000"
29-->[com.google.android.gms:play-services-maps:18.0.0] AndroidManifest.xml:27:9-41
30        android:required="true" />
30-->[com.google.android.gms:play-services-maps:18.0.0] AndroidManifest.xml:28:9-32
31
32    <queries>
32-->[com.google.android.gms:play-services-maps:18.0.0] AndroidManifest.xml:30:5-34:15
33
34        <!-- Needs to be explicitly declared on Android R+ -->
35        <package android:name="com.google.android.apps.maps" />
35-->[com.google.android.gms:play-services-maps:18.0.0] AndroidManifest.xml:33:9-64
35-->[com.google.android.gms:play-services-maps:18.0.0] AndroidManifest.xml:33:18-61
36        <!-- For browser content -->
37        <intent>
37-->[com.google.android.gms:play-services-ads-lite:22.5.0] AndroidManifest.xml:38:9-44:18
38            <action android:name="android.intent.action.VIEW" />
38-->[com.google.firebase:firebase-auth:22.3.1] AndroidManifest.xml:36:17-69
38-->[com.google.firebase:firebase-auth:22.3.1] AndroidManifest.xml:36:25-66
39
40            <category android:name="android.intent.category.BROWSABLE" />
40-->[com.google.firebase:firebase-auth:22.3.1] AndroidManifest.xml:39:17-78
40-->[com.google.firebase:firebase-auth:22.3.1] AndroidManifest.xml:39:27-75
41
42            <data android:scheme="https" />
42-->[com.google.firebase:firebase-auth:22.3.1] AndroidManifest.xml:41:17-44:51
42-->[com.google.firebase:firebase-auth:22.3.1] AndroidManifest.xml:44:21-48
43        </intent> <!-- End of browser content -->
44        <!-- For CustomTabsService -->
45        <intent>
45-->[com.google.android.gms:play-services-ads-lite:22.5.0] AndroidManifest.xml:47:9-49:18
46            <action android:name="android.support.customtabs.action.CustomTabsService" />
46-->[com.google.android.gms:play-services-ads-lite:22.5.0] AndroidManifest.xml:48:13-90
46-->[com.google.android.gms:play-services-ads-lite:22.5.0] AndroidManifest.xml:48:21-87
47        </intent>
48    </queries>
49
50    <uses-permission android:name="android.permission.ACCESS_ADSERVICES_TOPICS" />
50-->[com.google.android.gms:play-services-ads-lite:22.5.0] AndroidManifest.xml:29:5-83
50-->[com.google.android.gms:play-services-ads-lite:22.5.0] AndroidManifest.xml:29:22-80
51    <uses-permission android:name="com.google.android.finsky.permission.BIND_GET_INSTALL_REFERRER_SERVICE" />
51-->[com.google.android.gms:play-services-measurement:21.5.0] AndroidManifest.xml:26:5-110
51-->[com.google.android.gms:play-services-measurement:21.5.0] AndroidManifest.xml:26:22-107
52    <uses-permission android:name="com.google.android.providers.gsf.permission.READ_GSERVICES" />
52-->[com.google.android.recaptcha:recaptcha:18.4.0] AndroidManifest.xml:9:5-98
52-->[com.google.android.recaptcha:recaptcha:18.4.0] AndroidManifest.xml:9:22-95
53    <uses-permission android:name="android.permission.FOREGROUND_SERVICE" />
53-->[androidx.work:work-runtime:2.7.0] AndroidManifest.xml:28:5-77
53-->[androidx.work:work-runtime:2.7.0] AndroidManifest.xml:28:22-74
54
55    <permission
55-->[androidx.core:core:1.9.0] AndroidManifest.xml:22:5-24:47
56        android:name="com.example.pharmaco.DYNAMIC_RECEIVER_NOT_EXPORTED_PERMISSION"
56-->[androidx.core:core:1.9.0] AndroidManifest.xml:23:9-81
57        android:protectionLevel="signature" />
57-->[androidx.core:core:1.9.0] AndroidManifest.xml:24:9-44
58
59    <uses-permission android:name="com.example.pharmaco.DYNAMIC_RECEIVER_NOT_EXPORTED_PERMISSION" />
59-->[androidx.core:core:1.9.0] AndroidManifest.xml:26:5-97
59-->[androidx.core:core:1.9.0] AndroidManifest.xml:26:22-94
60
61    <application
62        android:name="io.flutter.app.FlutterMultiDexApplication"
63        android:appComponentFactory="androidx.core.app.CoreComponentFactory"
63-->[androidx.core:core:1.9.0] AndroidManifest.xml:28:18-86
64        android:debuggable="true"
65        android:icon="@mipmap/ic_launcher"
66        android:label="pharmaco" >
67        <activity
68            android:name="com.example.pharmaco.MainActivity"
69            android:configChanges="orientation|keyboardHidden|keyboard|screenSize|smallestScreenSize|locale|layoutDirection|fontScale|screenLayout|density|uiMode"
70            android:exported="true"
71            android:hardwareAccelerated="true"
72            android:launchMode="singleTop"
73            android:theme="@style/LaunchTheme"
74            android:windowSoftInputMode="adjustResize" >
75
76            <!--
77                 Specifies an Android theme to apply to this Activity as soon as
78                 the Android process has started. This theme is visible to the user
79                 while the Flutter UI initializes. After that, this theme continues
80                 to determine the Window background behind the Flutter UI.
81            -->
82            <meta-data
83                android:name="io.flutter.embedding.android.NormalTheme"
84                android:resource="@style/NormalTheme" />
85
86            <intent-filter>
87                <action android:name="android.intent.action.MAIN" />
88
89                <category android:name="android.intent.category.LAUNCHER" />
90            </intent-filter>
91        </activity>
92
93        <meta-data
94            android:name="com.google.android.gms.ads.APPLICATION_ID"
95            android:value="ca-app-pub-6082517618851689~9783800689" />
96        <!--
97             Don't delete the meta-data below.
98             This is used by the Flutter tool to generate GeneratedPluginRegistrant.java
99        -->
100        <meta-data
101            android:name="flutterEmbedding"
102            android:value="2" />
103
104        <service
104-->[:cloud_functions] AndroidManifest.xml:10:9-14:19
105            android:name="com.google.firebase.components.ComponentDiscoveryService"
105-->[:cloud_functions] AndroidManifest.xml:10:18-89
106            android:directBootAware="true"
106-->[com.google.firebase:firebase-common:20.4.2] AndroidManifest.xml:32:13-43
107            android:exported="false" >
107-->[com.google.firebase:firebase-functions:20.4.0] AndroidManifest.xml:14:13-37
108            <meta-data
108-->[:cloud_functions] AndroidManifest.xml:11:13-13:85
109                android:name="com.google.firebase.components:io.flutter.plugins.firebase.functions.FlutterFirebaseAppRegistrar"
109-->[:cloud_functions] AndroidManifest.xml:12:17-128
110                android:value="com.google.firebase.components.ComponentRegistrar" />
110-->[:cloud_functions] AndroidManifest.xml:13:17-82
111            <meta-data
111-->[:firebase_auth] AndroidManifest.xml:11:13-13:85
112                android:name="com.google.firebase.components:io.flutter.plugins.firebase.auth.FlutterFirebaseAuthRegistrar"
112-->[:firebase_auth] AndroidManifest.xml:12:17-124
113                android:value="com.google.firebase.components.ComponentRegistrar" />
113-->[:firebase_auth] AndroidManifest.xml:13:17-82
114            <meta-data
114-->[:cloud_firestore] AndroidManifest.xml:11:13-13:85
115                android:name="com.google.firebase.components:io.flutter.plugins.firebase.firestore.FlutterFirebaseFirestoreRegistrar"
115-->[:cloud_firestore] AndroidManifest.xml:12:17-134
116                android:value="com.google.firebase.components.ComponentRegistrar" />
116-->[:cloud_firestore] AndroidManifest.xml:13:17-82
117            <meta-data
117-->[:firebase_core] AndroidManifest.xml:11:13-13:85
118                android:name="com.google.firebase.components:io.flutter.plugins.firebase.core.FlutterFirebaseCoreRegistrar"
118-->[:firebase_core] AndroidManifest.xml:12:17-124
119                android:value="com.google.firebase.components.ComponentRegistrar" />
119-->[:firebase_core] AndroidManifest.xml:13:17-82
120            <meta-data
120-->[com.google.firebase:firebase-functions:20.4.0] AndroidManifest.xml:15:13-17:85
121                android:name="com.google.firebase.components:com.google.firebase.functions.FirebaseFunctionsKtxRegistrar"
121-->[com.google.firebase:firebase-functions:20.4.0] AndroidManifest.xml:16:17-122
122                android:value="com.google.firebase.components.ComponentRegistrar" />
122-->[com.google.firebase:firebase-functions:20.4.0] AndroidManifest.xml:17:17-82
123            <meta-data
123-->[com.google.firebase:firebase-functions:20.4.0] AndroidManifest.xml:18:13-20:85
124                android:name="com.google.firebase.components:com.google.firebase.functions.FunctionsRegistrar"
124-->[com.google.firebase:firebase-functions:20.4.0] AndroidManifest.xml:19:17-111
125                android:value="com.google.firebase.components.ComponentRegistrar" />
125-->[com.google.firebase:firebase-functions:20.4.0] AndroidManifest.xml:20:17-82
126            <meta-data
126-->[com.google.firebase:firebase-auth:22.3.1] AndroidManifest.xml:69:13-71:85
127                android:name="com.google.firebase.components:com.google.firebase.auth.FirebaseAuthRegistrar"
127-->[com.google.firebase:firebase-auth:22.3.1] AndroidManifest.xml:70:17-109
128                android:value="com.google.firebase.components.ComponentRegistrar" />
128-->[com.google.firebase:firebase-auth:22.3.1] AndroidManifest.xml:71:17-82
129            <meta-data
129-->[com.google.firebase:firebase-firestore:24.10.1] AndroidManifest.xml:17:13-19:85
130                android:name="com.google.firebase.components:com.google.firebase.firestore.FirebaseFirestoreKtxRegistrar"
130-->[com.google.firebase:firebase-firestore:24.10.1] AndroidManifest.xml:18:17-122
131                android:value="com.google.firebase.components.ComponentRegistrar" />
131-->[com.google.firebase:firebase-firestore:24.10.1] AndroidManifest.xml:19:17-82
132            <meta-data
132-->[com.google.firebase:firebase-firestore:24.10.1] AndroidManifest.xml:20:13-22:85
133                android:name="com.google.firebase.components:com.google.firebase.firestore.FirestoreRegistrar"
133-->[com.google.firebase:firebase-firestore:24.10.1] AndroidManifest.xml:21:17-111
134                android:value="com.google.firebase.components.ComponentRegistrar" />
134-->[com.google.firebase:firebase-firestore:24.10.1] AndroidManifest.xml:22:17-82
135            <meta-data
135-->[com.google.android.gms:play-services-measurement-api:21.5.0] AndroidManifest.xml:37:13-39:85
136                android:name="com.google.firebase.components:com.google.firebase.analytics.connector.internal.AnalyticsConnectorRegistrar"
136-->[com.google.android.gms:play-services-measurement-api:21.5.0] AndroidManifest.xml:38:17-139
137                android:value="com.google.firebase.components.ComponentRegistrar" />
137-->[com.google.android.gms:play-services-measurement-api:21.5.0] AndroidManifest.xml:39:17-82
138            <meta-data
138-->[com.google.firebase:firebase-iid:21.1.0] AndroidManifest.xml:32:13-34:85
139                android:name="com.google.firebase.components:com.google.firebase.iid.Registrar"
139-->[com.google.firebase:firebase-iid:21.1.0] AndroidManifest.xml:33:17-96
140                android:value="com.google.firebase.components.ComponentRegistrar" />
140-->[com.google.firebase:firebase-iid:21.1.0] AndroidManifest.xml:34:17-82
141            <meta-data
141-->[com.google.firebase:firebase-installations:17.2.0] AndroidManifest.xml:15:13-17:85
142                android:name="com.google.firebase.components:com.google.firebase.installations.FirebaseInstallationsKtxRegistrar"
142-->[com.google.firebase:firebase-installations:17.2.0] AndroidManifest.xml:16:17-130
143                android:value="com.google.firebase.components.ComponentRegistrar" />
143-->[com.google.firebase:firebase-installations:17.2.0] AndroidManifest.xml:17:17-82
144            <meta-data
144-->[com.google.firebase:firebase-installations:17.2.0] AndroidManifest.xml:18:13-20:85
145                android:name="com.google.firebase.components:com.google.firebase.installations.FirebaseInstallationsRegistrar"
145-->[com.google.firebase:firebase-installations:17.2.0] AndroidManifest.xml:19:17-127
146                android:value="com.google.firebase.components.ComponentRegistrar" />
146-->[com.google.firebase:firebase-installations:17.2.0] AndroidManifest.xml:20:17-82
147            <meta-data
147-->[com.google.firebase:firebase-common-ktx:20.4.2] AndroidManifest.xml:12:13-14:85
148                android:name="com.google.firebase.components:com.google.firebase.ktx.FirebaseCommonLegacyRegistrar"
148-->[com.google.firebase:firebase-common-ktx:20.4.2] AndroidManifest.xml:13:17-116
149                android:value="com.google.firebase.components.ComponentRegistrar" />
149-->[com.google.firebase:firebase-common-ktx:20.4.2] AndroidManifest.xml:14:17-82
150            <meta-data
150-->[com.google.firebase:firebase-common:20.4.2] AndroidManifest.xml:35:13-37:85
151                android:name="com.google.firebase.components:com.google.firebase.FirebaseCommonKtxRegistrar"
151-->[com.google.firebase:firebase-common:20.4.2] AndroidManifest.xml:36:17-109
152                android:value="com.google.firebase.components.ComponentRegistrar" />
152-->[com.google.firebase:firebase-common:20.4.2] AndroidManifest.xml:37:17-82
153        </service>
154
155        <meta-data
155-->[:google_mobile_ads] AndroidManifest.xml:12:9-14:36
156            android:name="io.flutter.embedded_views_preview"
156-->[:google_mobile_ads] AndroidManifest.xml:13:13-61
157            android:value="true" />
157-->[:google_mobile_ads] AndroidManifest.xml:14:13-33
158
159        <activity
159-->[com.google.firebase:firebase-auth:22.3.1] AndroidManifest.xml:29:9-46:20
160            android:name="com.google.firebase.auth.internal.GenericIdpActivity"
160-->[com.google.firebase:firebase-auth:22.3.1] AndroidManifest.xml:30:13-80
161            android:excludeFromRecents="true"
161-->[com.google.firebase:firebase-auth:22.3.1] AndroidManifest.xml:31:13-46
162            android:exported="true"
162-->[com.google.firebase:firebase-auth:22.3.1] AndroidManifest.xml:32:13-36
163            android:launchMode="singleTask"
163-->[com.google.firebase:firebase-auth:22.3.1] AndroidManifest.xml:33:13-44
164            android:theme="@android:style/Theme.Translucent.NoTitleBar" >
164-->[com.google.firebase:firebase-auth:22.3.1] AndroidManifest.xml:34:13-72
165            <intent-filter>
165-->[com.google.firebase:firebase-auth:22.3.1] AndroidManifest.xml:35:13-45:29
166                <action android:name="android.intent.action.VIEW" />
166-->[com.google.firebase:firebase-auth:22.3.1] AndroidManifest.xml:36:17-69
166-->[com.google.firebase:firebase-auth:22.3.1] AndroidManifest.xml:36:25-66
167
168                <category android:name="android.intent.category.DEFAULT" />
168-->[com.google.firebase:firebase-auth:22.3.1] AndroidManifest.xml:38:17-76
168-->[com.google.firebase:firebase-auth:22.3.1] AndroidManifest.xml:38:27-73
169                <category android:name="android.intent.category.BROWSABLE" />
169-->[com.google.firebase:firebase-auth:22.3.1] AndroidManifest.xml:39:17-78
169-->[com.google.firebase:firebase-auth:22.3.1] AndroidManifest.xml:39:27-75
170
171                <data
171-->[com.google.firebase:firebase-auth:22.3.1] AndroidManifest.xml:41:17-44:51
172                    android:host="firebase.auth"
172-->[com.google.firebase:firebase-auth:22.3.1] AndroidManifest.xml:42:21-49
173                    android:path="/"
173-->[com.google.firebase:firebase-auth:22.3.1] AndroidManifest.xml:43:21-37
174                    android:scheme="genericidp" />
174-->[com.google.firebase:firebase-auth:22.3.1] AndroidManifest.xml:44:21-48
175            </intent-filter>
176        </activity>
177        <activity
177-->[com.google.firebase:firebase-auth:22.3.1] AndroidManifest.xml:47:9-64:20
178            android:name="com.google.firebase.auth.internal.RecaptchaActivity"
178-->[com.google.firebase:firebase-auth:22.3.1] AndroidManifest.xml:48:13-79
179            android:excludeFromRecents="true"
179-->[com.google.firebase:firebase-auth:22.3.1] AndroidManifest.xml:49:13-46
180            android:exported="true"
180-->[com.google.firebase:firebase-auth:22.3.1] AndroidManifest.xml:50:13-36
181            android:launchMode="singleTask"
181-->[com.google.firebase:firebase-auth:22.3.1] AndroidManifest.xml:51:13-44
182            android:theme="@android:style/Theme.Translucent.NoTitleBar" >
182-->[com.google.firebase:firebase-auth:22.3.1] AndroidManifest.xml:52:13-72
183            <intent-filter>
183-->[com.google.firebase:firebase-auth:22.3.1] AndroidManifest.xml:53:13-63:29
184                <action android:name="android.intent.action.VIEW" />
184-->[com.google.firebase:firebase-auth:22.3.1] AndroidManifest.xml:36:17-69
184-->[com.google.firebase:firebase-auth:22.3.1] AndroidManifest.xml:36:25-66
185
186                <category android:name="android.intent.category.DEFAULT" />
186-->[com.google.firebase:firebase-auth:22.3.1] AndroidManifest.xml:38:17-76
186-->[com.google.firebase:firebase-auth:22.3.1] AndroidManifest.xml:38:27-73
187                <category android:name="android.intent.category.BROWSABLE" />
187-->[com.google.firebase:firebase-auth:22.3.1] AndroidManifest.xml:39:17-78
187-->[com.google.firebase:firebase-auth:22.3.1] AndroidManifest.xml:39:27-75
188
189                <data
189-->[com.google.firebase:firebase-auth:22.3.1] AndroidManifest.xml:41:17-44:51
190                    android:host="firebase.auth"
190-->[com.google.firebase:firebase-auth:22.3.1] AndroidManifest.xml:42:21-49
191                    android:path="/"
191-->[com.google.firebase:firebase-auth:22.3.1] AndroidManifest.xml:43:21-37
192                    android:scheme="recaptcha" />
192-->[com.google.firebase:firebase-auth:22.3.1] AndroidManifest.xml:44:21-48
193            </intent-filter>
194        </activity>
195
196        <property
196-->[com.google.android.gms:play-services-measurement-api:21.5.0] AndroidManifest.xml:30:9-32:61
197            android:name="android.adservices.AD_SERVICES_CONFIG"
197-->[com.google.android.gms:play-services-measurement-api:21.5.0] AndroidManifest.xml:31:13-65
198            android:resource="@xml/ga_ad_services_config" /> <!-- Needs to be explicitly declared on P+ -->
198-->[com.google.android.gms:play-services-measurement-api:21.5.0] AndroidManifest.xml:32:13-58
199        <uses-library
199-->[com.google.android.gms:play-services-maps:18.0.0] AndroidManifest.xml:39:9-41:40
200            android:name="org.apache.http.legacy"
200-->[com.google.android.gms:play-services-maps:18.0.0] AndroidManifest.xml:40:13-50
201            android:required="false" />
201-->[com.google.android.gms:play-services-maps:18.0.0] AndroidManifest.xml:41:13-37
202
203        <activity
203-->[com.google.android.gms:play-services-auth:20.7.0] AndroidManifest.xml:23:9-27:75
204            android:name="com.google.android.gms.auth.api.signin.internal.SignInHubActivity"
204-->[com.google.android.gms:play-services-auth:20.7.0] AndroidManifest.xml:24:13-93
205            android:excludeFromRecents="true"
205-->[com.google.android.gms:play-services-auth:20.7.0] AndroidManifest.xml:25:13-46
206            android:exported="false"
206-->[com.google.android.gms:play-services-auth:20.7.0] AndroidManifest.xml:26:13-37
207            android:theme="@android:style/Theme.Translucent.NoTitleBar" />
207-->[com.google.android.gms:play-services-auth:20.7.0] AndroidManifest.xml:27:13-72
208        <!--
209            Service handling Google Sign-In user revocation. For apps that do not integrate with
210            Google Sign-In, this service will never be started.
211        -->
212        <service
212-->[com.google.android.gms:play-services-auth:20.7.0] AndroidManifest.xml:33:9-37:51
213            android:name="com.google.android.gms.auth.api.signin.RevocationBoundService"
213-->[com.google.android.gms:play-services-auth:20.7.0] AndroidManifest.xml:34:13-89
214            android:exported="true"
214-->[com.google.android.gms:play-services-auth:20.7.0] AndroidManifest.xml:35:13-36
215            android:permission="com.google.android.gms.auth.api.signin.permission.REVOCATION_NOTIFICATION"
215-->[com.google.android.gms:play-services-auth:20.7.0] AndroidManifest.xml:36:13-107
216            android:visibleToInstantApps="true" />
216-->[com.google.android.gms:play-services-auth:20.7.0] AndroidManifest.xml:37:13-48
217
218        <activity
218-->[com.google.android.gms:play-services-base:18.1.0] AndroidManifest.xml:20:9-22:45
219            android:name="com.google.android.gms.common.api.GoogleApiActivity"
219-->[com.google.android.gms:play-services-base:18.1.0] AndroidManifest.xml:20:19-85
220            android:exported="false"
220-->[com.google.android.gms:play-services-base:18.1.0] AndroidManifest.xml:22:19-43
221            android:theme="@android:style/Theme.Translucent.NoTitleBar" />
221-->[com.google.android.gms:play-services-base:18.1.0] AndroidManifest.xml:21:19-78
222
223        <provider
223-->[com.google.firebase:firebase-common:20.4.2] AndroidManifest.xml:23:9-28:39
224            android:name="com.google.firebase.provider.FirebaseInitProvider"
224-->[com.google.firebase:firebase-common:20.4.2] AndroidManifest.xml:24:13-77
225            android:authorities="com.example.pharmaco.firebaseinitprovider"
225-->[com.google.firebase:firebase-common:20.4.2] AndroidManifest.xml:25:13-72
226            android:directBootAware="true"
226-->[com.google.firebase:firebase-common:20.4.2] AndroidManifest.xml:26:13-43
227            android:exported="false"
227-->[com.google.firebase:firebase-common:20.4.2] AndroidManifest.xml:27:13-37
228            android:initOrder="100" /> <!-- Include the AdActivity and InAppPurchaseActivity configChanges and themes. -->
228-->[com.google.firebase:firebase-common:20.4.2] AndroidManifest.xml:28:13-36
229        <activity
229-->[com.google.android.gms:play-services-ads-lite:22.5.0] AndroidManifest.xml:56:9-61:43
230            android:name="com.google.android.gms.ads.AdActivity"
230-->[com.google.android.gms:play-services-ads-lite:22.5.0] AndroidManifest.xml:57:13-65
231            android:configChanges="keyboard|keyboardHidden|orientation|screenLayout|uiMode|screenSize|smallestScreenSize"
231-->[com.google.android.gms:play-services-ads-lite:22.5.0] AndroidManifest.xml:58:13-122
232            android:exported="false"
232-->[com.google.android.gms:play-services-ads-lite:22.5.0] AndroidManifest.xml:59:13-37
233            android:theme="@android:style/Theme.Translucent" />
233-->[com.google.android.gms:play-services-ads-lite:22.5.0] AndroidManifest.xml:60:13-61
234
235        <provider
235-->[com.google.android.gms:play-services-ads-lite:22.5.0] AndroidManifest.xml:63:9-68:43
236            android:name="com.google.android.gms.ads.MobileAdsInitProvider"
236-->[com.google.android.gms:play-services-ads-lite:22.5.0] AndroidManifest.xml:64:13-76
237            android:authorities="com.example.pharmaco.mobileadsinitprovider"
237-->[com.google.android.gms:play-services-ads-lite:22.5.0] AndroidManifest.xml:65:13-73
238            android:exported="false"
238-->[com.google.android.gms:play-services-ads-lite:22.5.0] AndroidManifest.xml:66:13-37
239            android:initOrder="100" />
239-->[com.google.android.gms:play-services-ads-lite:22.5.0] AndroidManifest.xml:67:13-36
240
241        <service
241-->[com.google.android.gms:play-services-ads-lite:22.5.0] AndroidManifest.xml:70:9-74:43
242            android:name="com.google.android.gms.ads.AdService"
242-->[com.google.android.gms:play-services-ads-lite:22.5.0] AndroidManifest.xml:71:13-64
243            android:enabled="true"
243-->[com.google.android.gms:play-services-ads-lite:22.5.0] AndroidManifest.xml:72:13-35
244            android:exported="false" />
244-->[com.google.android.gms:play-services-ads-lite:22.5.0] AndroidManifest.xml:73:13-37
245
246        <activity
246-->[com.google.android.gms:play-services-ads-lite:22.5.0] AndroidManifest.xml:76:9-80:43
247            android:name="com.google.android.gms.ads.OutOfContextTestingActivity"
247-->[com.google.android.gms:play-services-ads-lite:22.5.0] AndroidManifest.xml:77:13-82
248            android:configChanges="keyboard|keyboardHidden|orientation|screenLayout|uiMode|screenSize|smallestScreenSize"
248-->[com.google.android.gms:play-services-ads-lite:22.5.0] AndroidManifest.xml:78:13-122
249            android:exported="false" />
249-->[com.google.android.gms:play-services-ads-lite:22.5.0] AndroidManifest.xml:79:13-37
250
251        <property
251-->[com.google.android.gms:play-services-measurement-api:21.5.0] AndroidManifest.xml:30:9-32:61
252            android:name="android.adservices.AD_SERVICES_CONFIG"
252-->[com.google.android.gms:play-services-measurement-api:21.5.0] AndroidManifest.xml:31:13-65
253            android:resource="@xml/gma_ad_services_config" />
253-->[com.google.android.gms:play-services-measurement-api:21.5.0] AndroidManifest.xml:32:13-58
254
255        <receiver
255-->[com.google.android.gms:play-services-measurement:21.5.0] AndroidManifest.xml:29:9-33:20
256            android:name="com.google.android.gms.measurement.AppMeasurementReceiver"
256-->[com.google.android.gms:play-services-measurement:21.5.0] AndroidManifest.xml:30:13-85
257            android:enabled="true"
257-->[com.google.android.gms:play-services-measurement:21.5.0] AndroidManifest.xml:31:13-35
258            android:exported="false" >
258-->[com.google.android.gms:play-services-measurement:21.5.0] AndroidManifest.xml:32:13-37
259        </receiver>
260
261        <service
261-->[com.google.android.gms:play-services-measurement:21.5.0] AndroidManifest.xml:35:9-38:40
262            android:name="com.google.android.gms.measurement.AppMeasurementService"
262-->[com.google.android.gms:play-services-measurement:21.5.0] AndroidManifest.xml:36:13-84
263            android:enabled="true"
263-->[com.google.android.gms:play-services-measurement:21.5.0] AndroidManifest.xml:37:13-35
264            android:exported="false" />
264-->[com.google.android.gms:play-services-measurement:21.5.0] AndroidManifest.xml:38:13-37
265        <service
265-->[com.google.android.gms:play-services-measurement:21.5.0] AndroidManifest.xml:39:9-43:72
266            android:name="com.google.android.gms.measurement.AppMeasurementJobService"
266-->[com.google.android.gms:play-services-measurement:21.5.0] AndroidManifest.xml:40:13-87
267            android:enabled="true"
267-->[com.google.android.gms:play-services-measurement:21.5.0] AndroidManifest.xml:41:13-35
268            android:exported="false"
268-->[com.google.android.gms:play-services-measurement:21.5.0] AndroidManifest.xml:42:13-37
269            android:permission="android.permission.BIND_JOB_SERVICE" />